2025/03/09 19:59:36 app.go:89: Logger initialized
2025/03/09 19:59:36 app.go:75: Redis connected successfully
2025/03/09 19:59:36 app.go:97: App initialized
2025/03/09 19:59:36 main.go:19: Server is now running on port 8080
2025/03/09 20:00:30 app.go:89: Logger initialized
2025/03/09 20:00:30 app.go:75: Redis connected successfully
2025/03/09 20:00:30 app.go:97: App initialized
2025/03/09 20:00:30 main.go:19: Server is now running on port 8080
2025/03/09 20:02:52 app.go:91: Logger initialized
2025/03/09 20:02:52 app.go:76: Redis connected successfully
2025/03/09 20:02:52 app.go:99: App initialized
2025/03/09 20:02:52 main.go:19: Server is now running on port 8080
2025/03/09 20:10:10 price_service.go:36: No cache for monero in Redis cache, fetching with API
2025/03/09 20:10:10 price_service.go:36: No cache for bitcoin in Redis cache, fetching with API
2025/03/09 20:10:10 price_service.go:36: No cache for jb in Redis cache, fetching with API
2025/03/09 20:10:10 price_service.go:36: No cache for doge in Redis cache, fetching with API
2025/03/09 20:10:10 coingecko.go:20: Making API call to https://api.coingecko.com/api/v3/simple/price?ids=monero,bitcoin,jb,doge&vs_currencies=usd
2025/03/09 20:10:13 price_service.go:65: Price for jb not found in API, setting fallback price
2025/03/09 23:45:32 app.go:93: Logger initialized
2025/03/09 23:45:32 app.go:101: Loading Redis cache...
2025/03/09 23:45:32 app.go:77: Redis connected successfully
2025/03/09 23:45:32 app.go:103: Setting router...
2025/03/09 23:45:32 app.go:105: App initialized
2025/03/09 23:45:32 main.go:23: Server is now running on port 8080
2025/03/09 23:56:04 app.go:102: Logger initialized
2025/03/09 23:56:04 app.go:110: Loading Redis cache...
2025/03/09 23:56:04 app.go:86: Redis connected successfully
2025/03/09 23:56:04 app.go:112: Setting router...
2025/03/09 23:56:04 app.go:114: App initialized
2025/03/09 23:56:04 main.go:23: Server is now running on port 8080
2025/03/10 11:28:19 app.go:102: Logger initialized
2025/03/10 11:28:19 app.go:110: Loading Redis cache...
2025/03/10 11:28:19 app.go:86: Redis connected successfully
2025/03/10 11:28:19 app.go:112: Setting router...
2025/03/10 11:28:19 app.go:114: App initialized
2025/03/10 11:28:19 main.go:23: Server is now running on port 8080
2025/03/10 11:44:13 app.go:102: Logger initialized
2025/03/10 11:44:13 app.go:110: Loading Redis cache...
2025/03/10 11:44:13 app.go:86: Redis connected successfully
2025/03/10 11:44:13 app.go:112: Setting router...
2025/03/10 11:44:13 app.go:114: App initialized
2025/03/10 11:44:13 main.go:23: Server is now running on port 8080
2025/03/10 11:44:27 app.go:102: Logger initialized
2025/03/10 11:44:27 app.go:110: Loading Redis cache...
2025/03/10 11:44:27 app.go:86: Redis connected successfully
2025/03/10 11:44:27 app.go:112: Setting router...
2025/03/10 11:44:27 app.go:114: App initialized
2025/03/10 11:44:27 main.go:23: Server is now running on port 8080
2025/03/10 13:07:43 price_service.go:36: No cache for BTC in Redis cache, fetching with API
2025/03/10 13:07:43 price_service.go:36: No cache for ETH in Redis cache, fetching with API
2025/03/10 13:07:43 coingecko.go:20: Making API call to https://api.coingecko.com/api/v3/simple/price?ids=BTC,ETH&vs_currencies=USD
2025/03/10 13:07:46 price_service.go:65: Price for BTC not found in API, setting fallback price
2025/03/10 13:07:46 price_service.go:65: Price for ETH not found in API, setting fallback price
2025/03/10 13:08:03 price_service.go:36: No cache for btc in Redis cache, fetching with API
2025/03/10 13:08:03 price_service.go:36: No cache for eth in Redis cache, fetching with API
2025/03/10 13:08:03 coingecko.go:20: Making API call to https://api.coingecko.com/api/v3/simple/price?ids=btc,eth&vs_currencies=USD
2025/03/10 13:08:04 price_service.go:65: Price for btc not found in API, setting fallback price
2025/03/10 13:08:04 price_service.go:65: Price for eth not found in API, setting fallback price
2025/03/10 13:08:41 price_service.go:36: No cache for btc in Redis cache, fetching with API
2025/03/10 13:08:41 price_service.go:36: No cache for eth in Redis cache, fetching with API
2025/03/10 13:08:41 coingecko.go:20: Making API call to https://api.coingecko.com/api/v3/simple/price?ids=btc,eth&vs_currencies=USD
2025/03/10 13:08:41 price_service.go:65: Price for btc not found in API, setting fallback price
2025/03/10 13:08:41 price_service.go:65: Price for eth not found in API, setting fallback price
2025/03/10 13:08:50 price_service.go:36: No cache for monero in Redis cache, fetching with API
2025/03/10 13:08:50 price_service.go:36: No cache for bitcoin in Redis cache, fetching with API
2025/03/10 13:08:50 price_service.go:36: No cache for ethereum in Redis cache, fetching with API
2025/03/10 13:08:50 price_service.go:36: No cache for doge in Redis cache, fetching with API
2025/03/10 13:08:50 coingecko.go:20: Making API call to https://api.coingecko.com/api/v3/simple/price?ids=monero,bitcoin,ethereum,doge&vs_currencies=usd
2025/03/10 13:08:58 price_service.go:36: No cache for btc in Redis cache, fetching with API
2025/03/10 13:08:58 price_service.go:36: No cache for eth in Redis cache, fetching with API
2025/03/10 13:08:58 coingecko.go:20: Making API call to https://api.coingecko.com/api/v3/simple/price?ids=btc,eth&vs_currencies=usd
2025/03/10 13:08:59 price_service.go:65: Price for btc not found in API, setting fallback price
2025/03/10 13:08:59 price_service.go:65: Price for eth not found in API, setting fallback price
2025/03/10 13:10:11 price_service.go:36: No cache for bitcoin in Redis cache, fetching with API
2025/03/10 13:10:11 price_service.go:36: No cache for ethereum in Redis cache, fetching with API
2025/03/10 13:10:11 coingecko.go:20: Making API call to https://api.coingecko.com/api/v3/simple/price?ids=bitcoin,ethereum&vs_currencies=usd
2025/03/10 13:10:15 price_service.go:32: Successfully retrieved cached price data for bitcoin
2025/03/10 13:10:15 price_service.go:32: Successfully retrieved cached price data for ethereum
2025/03/10 13:24:47 app.go:102: Logger initialized
2025/03/10 13:24:47 app.go:110: Loading Redis cache...
2025/03/10 13:24:47 app.go:86: Redis connected successfully
2025/03/10 13:24:47 app.go:112: Setting router...
2025/03/10 13:24:47 app.go:114: App initialized
2025/03/10 13:24:47 main.go:23: Server is now running on port 8080
2025/03/10 13:24:55 app.go:102: Logger initialized
2025/03/10 13:24:55 app.go:110: Loading Redis cache...
2025/03/10 13:24:55 app.go:86: Redis connected successfully
2025/03/10 13:24:55 app.go:112: Setting router...
2025/03/10 13:24:55 app.go:114: App initialized
2025/03/10 13:24:55 main.go:23: Server is now running on port 8080
2025/03/10 13:25:13 price_service.go:37: No cache for bitcoin in Redis cache, fetching with API
2025/03/10 13:25:13 price_service.go:37: No cache for ethereum in Redis cache, fetching with API
2025/03/10 13:25:13 coingecko.go:20: Making API call to https://api.coingecko.com/api/v3/simple/price?ids=bitcoin,ethereum&vs_currencies=usd
2025/03/10 13:25:18 price_service.go:33: Successfully retrieved cached price data for bitcoin
2025/03/10 13:25:18 price_service.go:33: Successfully retrieved cached price data for ethereum
2025/03/10 13:26:07 app.go:102: Logger initialized
2025/03/10 13:26:07 app.go:110: Loading Redis cache...
2025/03/10 13:26:07 app.go:86: Redis connected successfully
2025/03/10 13:26:07 app.go:112: Setting router...
2025/03/10 13:26:07 app.go:114: App initialized
2025/03/10 13:26:07 main.go:23: Server is now running on port 8080
2025/03/10 13:26:14 app.go:102: Logger initialized
2025/03/10 13:26:14 app.go:110: Loading Redis cache...
2025/03/10 13:26:14 app.go:86: Redis connected successfully
2025/03/10 13:26:14 app.go:112: Setting router...
2025/03/10 13:26:14 app.go:114: App initialized
2025/03/10 13:26:14 main.go:23: Server is now running on port 8080
2025/03/10 13:28:56 app.go:102: Logger initialized
2025/03/10 13:28:56 app.go:110: Loading Redis cache...
2025/03/10 13:28:56 app.go:86: Redis connected successfully
2025/03/10 13:28:56 app.go:112: Setting router...
2025/03/10 13:28:56 app.go:114: App initialized
2025/03/10 13:28:56 main.go:23: Server is now running on port 8080
2025/03/10 13:29:00 app.go:102: Logger initialized
2025/03/10 13:29:00 app.go:110: Loading Redis cache...
2025/03/10 13:29:00 app.go:86: Redis connected successfully
2025/03/10 13:29:00 app.go:112: Setting router...
2025/03/10 13:29:00 app.go:114: App initialized
2025/03/10 13:29:00 main.go:23: Server is now running on port 8080
2025/03/10 13:41:05 app.go:102: Logger initialized
2025/03/10 13:41:05 app.go:110: Loading Redis cache...
2025/03/10 13:41:05 app.go:86: Redis connected successfully
2025/03/10 13:41:05 app.go:112: Setting router...
2025/03/10 13:41:05 app.go:114: App initialized
2025/03/10 13:41:05 main.go:23: Server is now running on port 8080
2025/03/10 13:41:39 app.go:102: Logger initialized
2025/03/10 13:41:39 app.go:110: Loading Redis cache...
2025/03/10 13:41:39 app.go:86: Redis connected successfully
2025/03/10 13:41:39 app.go:112: Setting router...
2025/03/10 13:41:39 app.go:114: App initialized
2025/03/10 13:41:39 main.go:23: Server is now running on port 8080
2025/03/10 13:49:11 app.go:102: Logger initialized
2025/03/10 13:49:11 app.go:110: Loading Redis cache...
2025/03/10 13:49:11 app.go:86: Redis connected successfully
2025/03/10 13:49:11 app.go:112: Setting router...
2025/03/10 13:49:11 app.go:114: App initialized
2025/03/10 13:49:11 main.go:23: Server is now running on port 8080
2025/03/10 13:50:37 app.go:102: Logger initialized
2025/03/10 13:50:37 app.go:110: Loading Redis cache...
2025/03/10 13:50:37 app.go:86: Redis connected successfully
2025/03/10 13:50:37 app.go:112: Setting router...
2025/03/10 13:50:37 app.go:114: App initialized
2025/03/10 13:50:37 main.go:23: Server is now running on port 8080
2025/03/10 22:00:09 app.go:118: Logger initialized
2025/03/10 22:00:09 app.go:126: Loading Redis cache...
2025/03/10 22:00:09 app.go:101: Redis connected successfully
2025/03/10 22:00:09 app.go:128: Setting router...
2025/03/10 22:00:09 app.go:130: App initialized
2025/03/10 22:00:09 main.go:23: Server is now running on port 8080
2025/03/10 22:00:15 price_service.go:37: No cache for bitcoin in Redis cache, fetching with API
2025/03/10 22:00:15 price_service.go:37: No cache for ethereum in Redis cache, fetching with API
2025/03/10 22:00:15 coingecko.go:20: Making API call to https://api.coingecko.com/api/v3/simple/price?ids=bitcoin,ethereum&vs_currencies=usd
2025/03/10 22:00:21 price_service.go:33: Successfully retrieved cached price data for bitcoin
2025/03/10 22:00:21 price_service.go:33: Successfully retrieved cached price data for ethereum
2025/03/10 22:36:01 app.go:122: Logger initialized
2025/03/10 22:36:01 app.go:130: Loading Redis cache...
2025/03/10 22:36:01 app.go:105: Redis connected successfully
2025/03/10 22:36:01 app.go:132: Setting router...
2025/03/10 22:36:01 app.go:134: App initialized
2025/03/10 22:36:01 main.go:23: Server is now running on port 8080
2025/03/10 22:55:49 app.go:122: Logger initialized
2025/03/10 22:55:49 app.go:130: Loading Redis cache...
2025/03/10 22:55:49 app.go:105: Redis connected successfully
2025/03/10 22:55:49 app.go:132: Setting router...
2025/03/10 22:55:49 app.go:134: App initialized
2025/03/10 22:55:49 main.go:23: Server is now running on port 8080
2025/03/11 11:22:08 app.go:125: Logger initialized
2025/03/11 11:22:08 app.go:133: Loading Redis cache...
2025/03/11 11:22:08 app.go:108: Redis connected successfully
2025/03/11 11:22:08 app.go:135: Setting router...
2025/03/11 11:22:08 app.go:137: App initialized
2025/03/11 11:22:08 main.go:23: Server is now running on port 8080
2025/03/11 11:22:14 price_service.go:37: No cache for bitcoin in Redis cache, fetching with API
2025/03/11 11:22:14 price_service.go:37: No cache for ethereum in Redis cache, fetching with API
2025/03/11 11:22:14 coingecko.go:20: Making API call to https://api.coingecko.com/api/v3/simple/price?ids=bitcoin,ethereum&vs_currencies=usd
2025/03/11 11:22:19 price_service.go:33: Successfully retrieved cached price data for bitcoin
2025/03/11 11:22:19 price_service.go:33: Successfully retrieved cached price data for ethereum
2025/03/11 11:33:41 price_service.go:37: No cache for bitcoin in Redis cache, fetching with API
2025/03/11 11:33:41 price_service.go:37: No cache for ethereum in Redis cache, fetching with API
2025/03/11 11:33:41 price_service.go:37: No cache for  ghps in Redis cache, fetching with API
2025/03/11 11:33:41 coingecko.go:20: Making API call to https://api.coingecko.com/api/v3/simple/price?ids=bitcoin,ethereum, ghps&vs_currencies=usd
2025/03/11 11:33:42 price_service.go:66: Price for  ghps not found in API, setting fallback price
2025/03/11 11:41:46 app.go:127: Logger initialized
2025/03/11 11:41:46 app.go:136: Loading Redis cache...
2025/03/11 11:41:46 app.go:109: Redis connected successfully
2025/03/11 11:41:46 app.go:138: Setting router...
2025/03/11 11:41:46 app.go:140: App initialized
2025/03/11 11:41:46 main.go:23: Server is now running on port 8080
2025/03/12 11:51:22 app.go:127: Logger initialized
2025/03/12 11:51:22 app.go:136: Loading Redis cache...
2025/03/12 11:51:22 app.go:109: Redis connected successfully
2025/03/12 11:51:22 app.go:138: Setting router...
2025/03/12 11:51:22 app.go:140: App initialized
2025/03/12 11:51:22 main.go:23: Server is now running on port 8080
2025/03/12 11:52:47 app.go:127: Logger initialized
2025/03/12 11:52:47 app.go:136: Loading Redis cache...
2025/03/12 11:52:47 app.go:109: Redis connected successfully
2025/03/12 11:52:47 app.go:138: Setting router...
2025/03/12 11:52:47 app.go:140: App initialized
2025/03/12 11:52:47 main.go:23: Server is now running on port 8080
2025/03/12 11:53:19 app.go:127: Logger initialized
2025/03/12 11:53:19 app.go:136: Loading Redis cache...
2025/03/12 11:53:19 app.go:109: Redis connected successfully
2025/03/12 11:53:19 app.go:138: Setting router...
2025/03/12 11:53:19 app.go:140: App initialized
2025/03/12 11:53:19 main.go:23: Server is now running on port 8080
2025/03/12 11:53:20 price_service.go:38: No cache for bitcoin in Redis cache, fetching with API
2025/03/12 11:53:20 price_service.go:38: No cache for ethereum in Redis cache, fetching with API
2025/03/12 11:53:20 price_service.go:38: No cache for  ghps in Redis cache, fetching with API
2025/03/12 11:53:20 api_calls.go:22: Making API call to https://api.coingecko.com/api/v3/simple/price?ids=bitcoin,ethereum, ghps&vs_currencies=usd
2025/03/12 11:53:22 price_service.go:68: Price for  ghps not found in API, setting fallback price
2025/03/12 11:53:26 price_service.go:34: Successfully retrieved cached price data for bitcoin
2025/03/12 11:53:26 price_service.go:34: Successfully retrieved cached price data for ethereum
2025/03/12 11:53:29 price_service.go:34: Successfully retrieved cached price data for bitcoin
2025/03/12 11:53:29 price_service.go:34: Successfully retrieved cached price data for ethereum
2025/03/12 12:08:23 app.go:127: Logger initialized
2025/03/12 12:08:23 app.go:136: Loading Redis cache...
2025/03/12 12:08:23 app.go:109: Redis connected successfully
2025/03/12 12:08:23 app.go:138: Setting router...
2025/03/12 12:08:23 app.go:140: App initialized
2025/03/12 12:08:23 main.go:23: Server is now running on port 8080
2025/03/12 12:08:25 price_service.go:38: No cache for bitcoin in Redis cache, fetching with API
2025/03/12 12:08:25 price_service.go:38: No cache for ethereum in Redis cache, fetching with API
2025/03/12 12:08:25 api_calls.go:22: Making API call to https://api.coingecko.com/api/v3/simple/price?ids=bitcoin,ethereum&vs_currencies=usd
2025/03/13 12:41:30 app.go:127: Logger initialized
2025/03/13 12:41:30 app.go:136: Loading Redis cache...
2025/03/13 12:41:30 app.go:109: Redis connected successfully
2025/03/13 12:41:30 app.go:138: Setting router...
2025/03/13 12:41:30 app.go:140: App initialized
2025/03/13 12:41:30 main.go:23: Server is now running on port 8080
2025/03/13 12:42:18 app.go:127: Logger initialized
2025/03/13 12:42:18 app.go:136: Loading Redis cache...
2025/03/13 12:42:18 app.go:109: Redis connected successfully
2025/03/13 12:42:18 app.go:138: Setting router...
2025/03/13 12:42:18 app.go:140: App initialized
2025/03/13 12:42:18 main.go:23: Server is now running on port 8080
2025/03/13 16:28:16 app.go:127: Logger initialized
2025/03/13 16:28:16 app.go:136: Loading Redis cache...
2025/03/13 16:28:16 app.go:109: Redis connected successfully
2025/03/13 16:28:16 app.go:138: Setting router...
2025/03/13 16:28:16 app.go:140: App initialized
2025/03/13 16:28:16 main.go:23: Server is now running on port 8080
2025/03/13 16:29:06 app.go:127: Logger initialized
2025/03/13 16:29:06 app.go:136: Loading Redis cache...
2025/03/13 16:29:06 app.go:109: Redis connected successfully
2025/03/13 16:29:06 app.go:138: Setting router...
2025/03/13 16:29:06 app.go:140: App initialized
2025/03/13 16:29:06 main.go:23: Server is now running on port 8080
2025/03/13 17:56:29 app.go:127: Logger initialized
2025/03/13 17:56:29 app.go:136: Loading Redis cache...
2025/03/13 17:56:29 app.go:109: Redis connected successfully
2025/03/13 17:56:29 app.go:138: Setting router...
2025/03/13 17:56:29 app.go:140: App initialized
2025/03/13 17:56:29 main.go:23: Server is now running on port 8080
2025/03/13 17:56:40 price_service.go:47: No cache for bitcoin in Redis cache, fetching with API
2025/03/13 17:56:40 price_service.go:47: No cache for ethereum in Redis cache, fetching with API
2025/03/13 17:56:40 api_calls.go:23: Making API call to https://api.coingecko.com/api/v3/simple/price?ids=bitcoin,ethereum&vs_currencies=usd
2025/03/13 17:57:10 price_service.go:43: Successfully retrieved cached price data for bitcoin
2025/03/13 17:57:10 price_service.go:43: Successfully retrieved cached price data for ethereum
2025/03/13 22:13:30 app.go:127: Logger initialized
2025/03/13 22:13:30 app.go:136: Loading Redis cache...
2025/03/13 22:13:30 app.go:109: Redis connected successfully
2025/03/13 22:13:30 app.go:138: Setting router...
2025/03/13 22:13:30 app.go:140: App initialized
2025/03/13 22:13:30 main.go:23: Server is now running on port 8080
2025/03/13 22:16:13 transaction_service.go:58: One time address successfully generated
2025/03/13 22:19:03 app.go:127: Logger initialized
2025/03/13 22:19:03 app.go:136: Loading Redis cache...
2025/03/13 22:19:03 app.go:109: Redis connected successfully
2025/03/13 22:19:03 app.go:138: Setting router...
2025/03/13 22:19:03 app.go:140: App initialized
2025/03/13 22:19:03 main.go:23: Server is now running on port 8080
2025/03/13 22:19:06 transaction_service.go:58: One time address successfully generated
2025/03/13 22:21:02 app.go:127: Logger initialized
2025/03/13 22:21:02 app.go:136: Loading Redis cache...
2025/03/13 22:21:02 app.go:109: Redis connected successfully
2025/03/13 22:21:02 app.go:138: Setting router...
2025/03/13 22:21:02 app.go:140: App initialized
2025/03/13 22:21:02 main.go:23: Server is now running on port 8080
2025/03/13 22:21:04 transaction_service.go:58: One time address successfully generated
2025/03/13 22:26:40 app.go:127: Logger initialized
2025/03/13 22:26:40 app.go:136: Loading Redis cache...
2025/03/13 22:26:40 app.go:109: Redis connected successfully
2025/03/13 22:26:40 app.go:138: Setting router...
2025/03/13 22:26:40 app.go:140: App initialized
2025/03/13 22:26:40 main.go:23: Server is now running on port 8080
2025/03/13 22:26:43 transaction_service.go:64: One time address successfully generated
2025/03/13 22:38:59 app.go:127: Logger initialized
2025/03/13 22:38:59 app.go:136: Loading Redis cache...
2025/03/13 22:38:59 app.go:109: Redis connected successfully
2025/03/13 22:38:59 app.go:138: Setting router...
2025/03/13 22:38:59 app.go:140: App initialized
2025/03/13 22:38:59 main.go:23: Server is now running on port 8080
2025/03/13 22:39:01 transaction_service.go:64: One time address successfully generated
2025/03/13 22:39:36 app.go:127: Logger initialized
2025/03/13 22:39:36 app.go:136: Loading Redis cache...
2025/03/13 22:39:36 app.go:109: Redis connected successfully
2025/03/13 22:39:36 app.go:138: Setting router...
2025/03/13 22:39:36 app.go:140: App initialized
2025/03/13 22:39:36 main.go:23: Server is now running on port 8080
2025/03/13 22:39:37 transaction_service.go:64: One time address successfully generated
2025/03/13 22:39:55 app.go:127: Logger initialized
2025/03/13 22:39:55 app.go:136: Loading Redis cache...
2025/03/13 22:39:55 app.go:109: Redis connected successfully
2025/03/13 22:39:55 app.go:138: Setting router...
2025/03/13 22:39:55 app.go:140: App initialized
2025/03/13 22:39:55 main.go:23: Server is now running on port 8080
2025/03/13 22:39:58 controllers.go:70: 
2025/03/13 22:39:58 transaction_service.go:64: One time address successfully generated
2025/03/13 22:40:25 app.go:127: Logger initialized
2025/03/13 22:40:25 app.go:136: Loading Redis cache...
2025/03/13 22:40:25 app.go:109: Redis connected successfully
2025/03/13 22:40:25 app.go:138: Setting router...
2025/03/13 22:40:25 app.go:140: App initialized
2025/03/13 22:40:25 main.go:23: Server is now running on port 8080
2025/03/13 22:40:26 controllers.go:70: the external ref is 
2025/03/13 22:40:26 transaction_service.go:64: One time address successfully generated
2025/03/13 22:42:02 app.go:127: Logger initialized
2025/03/13 22:42:02 app.go:136: Loading Redis cache...
2025/03/13 22:42:02 app.go:109: Redis connected successfully
2025/03/13 22:42:02 app.go:138: Setting router...
2025/03/13 22:42:02 app.go:140: App initialized
2025/03/13 22:42:02 main.go:23: Server is now running on port 8080
2025/03/13 22:42:03 controllers.go:70: string
2025/03/13 22:42:03 transaction_service.go:64: One time address successfully generated
2025/03/13 22:44:12 app.go:127: Logger initialized
2025/03/13 22:44:12 app.go:136: Loading Redis cache...
2025/03/13 22:44:12 app.go:109: Redis connected successfully
2025/03/13 22:44:12 app.go:138: Setting router...
2025/03/13 22:44:12 app.go:140: App initialized
2025/03/13 22:44:12 main.go:23: Server is now running on port 8080
2025/03/13 22:44:51 app.go:127: Logger initialized
2025/03/13 22:44:51 app.go:136: Loading Redis cache...
2025/03/13 22:44:51 app.go:109: Redis connected successfully
2025/03/13 22:44:51 app.go:138: Setting router...
2025/03/13 22:44:51 app.go:140: App initialized
2025/03/13 22:44:51 main.go:23: Server is now running on port 8080
2025/03/13 22:44:52 transaction_service.go:58: One time address successfully generated
2025/03/13 22:48:07 app.go:127: Logger initialized
2025/03/13 22:48:07 app.go:136: Loading Redis cache...
2025/03/13 22:48:07 app.go:109: Redis connected successfully
2025/03/13 22:48:07 app.go:138: Setting router...
2025/03/13 22:48:07 app.go:140: App initialized
2025/03/13 22:48:07 main.go:23: Server is now running on port 8080
2025/03/13 22:48:09 transaction_service.go:58: One time address successfully generated
2025/03/13 22:48:53 app.go:127: Logger initialized
2025/03/13 22:48:53 app.go:136: Loading Redis cache...
2025/03/13 22:48:53 app.go:109: Redis connected successfully
2025/03/13 22:48:53 app.go:138: Setting router...
2025/03/13 22:48:53 app.go:140: App initialized
2025/03/13 22:48:53 main.go:23: Server is now running on port 8080
2025/03/13 22:48:55 transaction_service.go:58: One time address successfully generated
2025/03/13 22:56:31 app.go:127: Logger initialized
2025/03/13 22:56:31 app.go:136: Loading Redis cache...
2025/03/13 22:56:31 app.go:109: Redis connected successfully
2025/03/13 22:56:31 app.go:138: Setting router...
2025/03/13 22:56:31 app.go:140: App initialized
2025/03/13 22:56:31 main.go:23: Server is now running on port 8080
2025/03/13 22:56:32 transaction_service.go:62: One time address successfully generated
2025/03/13 22:56:51 transaction_service.go:62: One time address successfully generated
2025/03/13 22:57:03 transaction_service.go:62: One time address successfully generated
2025/03/20 02:01:32 app.go:127: Logger initialized
2025/03/20 02:01:32 app.go:136: Loading Redis cache...
2025/03/20 02:01:32 app.go:109: Redis connected successfully
2025/03/20 02:01:32 app.go:138: Setting router...
2025/03/20 02:01:32 app.go:140: App initialized
2025/03/20 02:01:32 main.go:23: Server is now running on port 8080
2025/03/20 02:05:41 app.go:127: Logger initialized
2025/03/20 02:05:41 app.go:136: Loading Redis cache...
2025/03/20 02:05:41 app.go:109: Redis connected successfully
2025/03/20 02:05:41 app.go:138: Setting router...
2025/03/20 02:05:41 app.go:140: App initialized
2025/03/20 02:05:41 main.go:23: Server is now running on port 8080
2025/03/20 02:06:31 transaction_service.go:119: One time address successfully generated
2025/03/20 02:06:32 transaction_service.go:119: One time address successfully generated
2025/03/20 02:06:34 transaction_service.go:119: One time address successfully generated
2025/03/20 02:09:48 app.go:127: Logger initialized
2025/03/20 02:09:48 app.go:136: Loading Redis cache...
2025/03/20 02:09:48 app.go:109: Redis connected successfully
2025/03/20 02:09:48 app.go:138: Setting router...
2025/03/20 02:09:48 app.go:140: App initialized
2025/03/20 02:09:48 main.go:23: Server is now running on port 8080
2025/03/20 02:10:18 transaction_service.go:126: One time address successfully generated
2025/03/20 02:10:26 price_service.go:47: No cache for bitcoin in Redis cache, fetching with API
2025/03/20 02:10:26 price_service.go:47: No cache for ethereum in Redis cache, fetching with API
2025/03/20 02:10:26 api_calls.go:23: Making API call to https://api.coingecko.com/api/v3/simple/price?ids=bitcoin,ethereum&vs_currencies=usd
2025/03/20 02:10:31 price_service.go:43: Successfully retrieved cached price data for bitcoin
2025/03/20 02:10:31 price_service.go:43: Successfully retrieved cached price data for ethereum
