2025/03/09 19:59:36 app.go:89: Logger initialized
2025/03/09 19:59:36 app.go:75: Redis connected successfully
2025/03/09 19:59:36 app.go:97: App initialized
2025/03/09 19:59:36 main.go:19: Server is now running on port 8080
2025/03/09 20:00:30 app.go:89: Logger initialized
2025/03/09 20:00:30 app.go:75: Redis connected successfully
2025/03/09 20:00:30 app.go:97: App initialized
2025/03/09 20:00:30 main.go:19: Server is now running on port 8080
2025/03/09 20:02:52 app.go:91: Logger initialized
2025/03/09 20:02:52 app.go:76: Redis connected successfully
2025/03/09 20:02:52 app.go:99: App initialized
2025/03/09 20:02:52 main.go:19: Server is now running on port 8080
2025/03/09 20:10:10 price_service.go:36: No cache for monero in Redis cache, fetching with API
2025/03/09 20:10:10 price_service.go:36: No cache for bitcoin in Redis cache, fetching with API
2025/03/09 20:10:10 price_service.go:36: No cache for jb in Redis cache, fetching with API
2025/03/09 20:10:10 price_service.go:36: No cache for doge in Redis cache, fetching with API
2025/03/09 20:10:10 coingecko.go:20: Making API call to https://api.coingecko.com/api/v3/simple/price?ids=monero,bitcoin,jb,doge&vs_currencies=usd
2025/03/09 20:10:13 price_service.go:65: Price for jb not found in API, setting fallback price
2025/03/09 23:45:32 app.go:93: Logger initialized
2025/03/09 23:45:32 app.go:101: Loading Redis cache...
2025/03/09 23:45:32 app.go:77: Redis connected successfully
2025/03/09 23:45:32 app.go:103: Setting router...
2025/03/09 23:45:32 app.go:105: App initialized
2025/03/09 23:45:32 main.go:23: Server is now running on port 8080
2025/03/09 23:56:04 app.go:102: Logger initialized
2025/03/09 23:56:04 app.go:110: Loading Redis cache...
2025/03/09 23:56:04 app.go:86: Redis connected successfully
2025/03/09 23:56:04 app.go:112: Setting router...
2025/03/09 23:56:04 app.go:114: App initialized
2025/03/09 23:56:04 main.go:23: Server is now running on port 8080
